[1228/115759.530:ERROR:directory_reader_win.cc(43)] FindFirstFile: The system cannot find the path specified. (0x3)
[1228/130152.764:ERROR:process_info.cc(359)] UncheckedAllocate
[1228/130153.254:ERROR:process_info.cc(359)] UncheckedAllocate
[1228/130153.262:ERROR:process_info.cc(359)] UncheckedAllocate
[1228/191041.005:ERROR:directory_reader_win.cc(43)] FindFirstFile: The system cannot find the path specified. (0x3)
[1228/225416.277:ERROR:directory_reader_win.cc(43)] FindFirstFile: The system cannot find the path specified. (0x3)
[1229/102702.981:ERROR:directory_reader_win.cc(43)] FindFirstFile: The system cannot find the path specified. (0x3)
[1229/191216.630:ERROR:process_info.cc(359)] UncheckedAllocate
[1229/191216.630:ERROR:process_info.cc(359)] UncheckedAllocate
[1229/191216.629:ERROR:process_info.cc(359)] UncheckedAllocate
[1229/191216.631:ERROR:process_info.cc(359)] UncheckedAllocate
[1229/191216.753:ERROR:file_io.cc(135)] WriteFile: Insufficient quota to complete the requested service. (0x5AD)
[1229/191216.753:ERROR:crash_report_exception_handler.cc(113)] WriteEverything failed
[1229/191216.754:ERROR:filesystem_win.cc(148)] DeleteFile C:\Users\tareq\AppData\Local\Google\Chrome\User Data\Crashpad\reports\df7064cd-559b-4e48-b16c-25143ea08d7e.dmp: The process cannot access the file because it is being used by another process. (0x20)
[1229/201959.462:ERROR:process_info.cc(359)] UncheckedAllocate
[0111/113952.062:ERROR:directory_reader_win.cc(43)] FindFirstFile: The system cannot find the path specified. (0x3)
[0111/113952.093:ERROR:filesystem_win.cc(129)] GetFileAttributes C:\Users\tareq\AppData\Local\Google\Chrome\User Data\Crashpad\attachments\b8af8541-a9b0-4160-a6f8-7a88314fe3b0: The system cannot find the path specified. (0x3)
[0111/113952.093:ERROR:filesystem_win.cc(129)] GetFileAttributes C:\Users\tareq\AppData\Local\Google\Chrome\User Data\Crashpad\attachments\9cd859a7-1154-4346-8d95-f9263a27fb39: The system cannot find the path specified. (0x3)
[0111/113952.093:ERROR:filesystem_win.cc(129)] GetFileAttributes C:\Users\tareq\AppData\Local\Google\Chrome\User Data\Crashpad\attachments\3bc28ffa-9c40-4817-9cae-d1121b005f93: The system cannot find the path specified. (0x3)
[0111/113952.124:ERROR:filesystem_win.cc(129)] GetFileAttributes C:\Users\tareq\AppData\Local\Google\Chrome\User Data\Crashpad\attachments\ea1982bd-3985-4631-ac76-a21232181a97: The system cannot find the path specified. (0x3)
[0111/113952.124:ERROR:filesystem_win.cc(129)] GetFileAttributes C:\Users\tareq\AppData\Local\Google\Chrome\User Data\Crashpad\attachments\762006a4-d2f5-419e-8fae-e905e55347be: The system cannot find the path specified. (0x3)
[0111/113952.140:ERROR:filesystem_win.cc(129)] GetFileAttributes C:\Users\tareq\AppData\Local\Google\Chrome\User Data\Crashpad\attachments\eb78829c-618b-4fe5-976f-215919bf3907: The system cannot find the path specified. (0x3)
[0111/113952.140:ERROR:filesystem_win.cc(129)] GetFileAttributes C:\Users\tareq\AppData\Local\Google\Chrome\User Data\Crashpad\attachments\3e475d03-6c75-4ea2-bf5c-a3d184c2ae58: The system cannot find the path specified. (0x3)
[0111/113952.140:ERROR:filesystem_win.cc(129)] GetFileAttributes C:\Users\tareq\AppData\Local\Google\Chrome\User Data\Crashpad\attachments\0614b615-eb5f-41c4-a2d4-ebc7f332a4e9: The system cannot find the path specified. (0x3)
[0111/113952.155:ERROR:filesystem_win.cc(129)] GetFileAttributes C:\Users\tareq\AppData\Local\Google\Chrome\User Data\Crashpad\attachments\c8a2e6e7-c864-4dac-89ab-f45d693a511a: The system cannot find the path specified. (0x3)
[0111/113952.155:ERROR:filesystem_win.cc(129)] GetFileAttributes C:\Users\tareq\AppData\Local\Google\Chrome\User Data\Crashpad\attachments\9c332798-7b10-410e-8ce8-743000f487c5: The system cannot find the path specified. (0x3)
[0111/113952.171:ERROR:filesystem_win.cc(129)] GetFileAttributes C:\Users\tareq\AppData\Local\Google\Chrome\User Data\Crashpad\attachments\e38da285-f650-4064-b775-0b80e74efa79: The system cannot find the path specified. (0x3)
[0111/113952.171:ERROR:filesystem_win.cc(129)] GetFileAttributes C:\Users\tareq\AppData\Local\Google\Chrome\User Data\Crashpad\attachments\06d80c93-e5a5-4661-8b0d-48c8ce1443db: The system cannot find the path specified. (0x3)
[0111/113952.187:ERROR:filesystem_win.cc(129)] GetFileAttributes C:\Users\tareq\AppData\Local\Google\Chrome\User Data\Crashpad\attachments\9750c108-f186-4a3d-b54b-46c9d56eb0f8: The system cannot find the path specified. (0x3)
[0111/113952.202:ERROR:filesystem_win.cc(129)] GetFileAttributes C:\Users\tareq\AppData\Local\Google\Chrome\User Data\Crashpad\attachments\a197289a-a309-4606-acca-70d0fbd736f2: The system cannot find the path specified. (0x3)
[0111/113952.202:ERROR:filesystem_win.cc(129)] GetFileAttributes C:\Users\tareq\AppData\Local\Google\Chrome\User Data\Crashpad\attachments\80fe274d-0dc3-4d72-9401-a2cbb3cc2faa: The system cannot find the path specified. (0x3)
[0111/113952.202:ERROR:filesystem_win.cc(129)] GetFileAttributes C:\Users\tareq\AppData\Local\Google\Chrome\User Data\Crashpad\attachments\d903e86a-8056-4163-b136-b4690b102584: The system cannot find the path specified. (0x3)
[0111/113952.202:ERROR:filesystem_win.cc(129)] GetFileAttributes C:\Users\tareq\AppData\Local\Google\Chrome\User Data\Crashpad\attachments\d4fd4142-f2c1-4ceb-85d5-632d6446b58c: The system cannot find the path specified. (0x3)
[0111/113952.202:ERROR:filesystem_win.cc(129)] GetFileAttributes C:\Users\tareq\AppData\Local\Google\Chrome\User Data\Crashpad\attachments\0ddb7a1a-89d8-4728-a5c6-cd5c9d86abd5: The system cannot find the path specified. (0x3)
[0111/113952.202:ERROR:filesystem_win.cc(129)] GetFileAttributes C:\Users\tareq\AppData\Local\Google\Chrome\User Data\Crashpad\attachments\25aeeb28-36b1-4706-a8f0-1009592e6680: The system cannot find the path specified. (0x3)
[0111/113952.202:ERROR:filesystem_win.cc(129)] GetFileAttributes C:\Users\tareq\AppData\Local\Google\Chrome\User Data\Crashpad\attachments\24921b73-b8a9-4ceb-ba93-a60b60389929: The system cannot find the path specified. (0x3)
[0111/113952.202:ERROR:filesystem_win.cc(129)] GetFileAttributes C:\Users\tareq\AppData\Local\Google\Chrome\User Data\Crashpad\attachments\2547dda2-f40a-475a-9cea-4a0bad4bc6b1: The system cannot find the path specified. (0x3)
[0111/113952.218:ERROR:filesystem_win.cc(129)] GetFileAttributes C:\Users\tareq\AppData\Local\Google\Chrome\User Data\Crashpad\attachments\4222f032-e77e-426c-8e4a-5969ed9342ec: The system cannot find the path specified. (0x3)
[0111/113952.218:ERROR:filesystem_win.cc(129)] GetFileAttributes C:\Users\tareq\AppData\Local\Google\Chrome\User Data\Crashpad\attachments\b4f7b612-8e13-4f56-8ffe-704a9faa3bd0: The system cannot find the path specified. (0x3)
[0111/113952.218:ERROR:filesystem_win.cc(129)] GetFileAttributes C:\Users\tareq\AppData\Local\Google\Chrome\User Data\Crashpad\attachments\64375bcb-2bc6-452b-b20b-202cce6c425d: The system cannot find the path specified. (0x3)
[0111/001801.003:ERROR:directory_reader_win.cc(43)] FindFirstFile: The system cannot find the path specified. (0x3)
[0111/042311.905:ERROR:directory_reader_win.cc(43)] FindFirstFile: The system cannot find the path specified. (0x3)
[0113/101947.509:ERROR:directory_reader_win.cc(43)] FindFirstFile: The system cannot find the path specified. (0x3)
[0117/001655.948:ERROR:directory_reader_win.cc(43)] FindFirstFile: The system cannot find the path specified. (0x3)
[0117/125348.033:ERROR:directory_reader_win.cc(43)] FindFirstFile: The system cannot find the path specified. (0x3)
[0120/173356.349:ERROR:directory_reader_win.cc(43)] FindFirstFile: The system cannot find the path specified. (0x3)
[0126/202156.780:ERROR:directory_reader_win.cc(43)] FindFirstFile: The system cannot find the path specified. (0x3)
[0127/184622.234:ERROR:process_info.cc(359)] UncheckedAllocate
[0127/190826.398:ERROR:directory_reader_win.cc(43)] FindFirstFile: The system cannot find the path specified. (0x3)
[0127/220352.263:ERROR:directory_reader_win.cc(43)] FindFirstFile: The system cannot find the path specified. (0x3)
[0127/220420.381:ERROR:process_info.cc(359)] UncheckedAllocate
[0127/220539.346:ERROR:process_info.cc(359)] UncheckedAllocate
[0127/220542.771:ERROR:process_info.cc(359)] UncheckedAllocate
[0127/220545.827:ERROR:process_info.cc(359)] UncheckedAllocate
[0127/220545.841:ERROR:process_info.cc(359)] UncheckedAllocate
